The target system is: Generic -  - arm
The host system is: Linux - 4.13.0-32-generic - x86_64
Compiling the C compiler identification source file "CMakeCCompilerId.c" succeeded.
Compiler: /opt/zephyr-sdk/sysroots/x86_64-pokysdk-linux/usr/bin/arm-zephyr-eabi/arm-zephyr-eabi-gcc 
Build flags: 
Id flags: -c 

The output was:
0


Compilation of the C compiler identification source "CMakeCCompilerId.c" produced "CMakeCCompilerId.o"

The C compiler identification is GNU, found in "/home/josh/smart-portal/module1/files/ble_mesh_cli/build/CMakeFiles/3.9.1/CompilerIdC/CMakeCCompilerId.o"

Compiling the CXX compiler identification source file "CMakeCXXCompilerId.cpp" succeeded.
Compiler: /opt/zephyr-sdk/sysroots/x86_64-pokysdk-linux/usr/bin/arm-zephyr-eabi/arm-zephyr-eabi-g++ 
Build flags: 
Id flags: -c 

The output was:
0


Compilation of the CXX compiler identification source "CMakeCXXCompilerId.cpp" produced "CMakeCXXCompilerId.o"

The CXX compiler identification is GNU, found in "/home/josh/smart-portal/module1/files/ble_mesh_cli/build/CMakeFiles/3.9.1/CompilerIdCXX/CMakeCXXCompilerId.o"

Performing C SOURCE FILE Test toolchain_is_ok succeeded with the following output:
Change Dir: /home/josh/smart-portal/module1/files/ble_mesh_cli/build/CMakeFiles/CMakeTmp

Run Build Command:"/usr/bin/ninja" "cmTC_8f6f7"
[1/2] Building C object CMakeFiles/cmTC_8f6f7.dir/src.c.obj
[2/2] Linking C executable cmTC_8f6f7
/opt/zephyr-sdk/sysroots/x86_64-pokysdk-linux/usr/libexec/arm-zephyr-eabi/gcc/arm-zephyr-eabi/6.2.0/real-ld: warning: cannot find entry symbol _start; defaulting to 0000000000008024

Source file was:
int main(void) { return 0; }
Performing C SOURCE FILE Test check_nostartfiles succeeded with the following output:
Change Dir: /home/josh/smart-portal/module1/files/ble_mesh_cli/build/CMakeFiles/CMakeTmp

Run Build Command:"/usr/bin/ninja" "cmTC_c9f1a"
[1/2] Building C object CMakeFiles/cmTC_c9f1a.dir/src.c.obj
[2/2] Linking C executable cmTC_c9f1a
/opt/zephyr-sdk/sysroots/x86_64-pokysdk-linux/usr/libexec/arm-zephyr-eabi/gcc/arm-zephyr-eabi/6.2.0/real-ld: warning: cannot find entry symbol _start; defaulting to 0000000000008024

Source file was:
int main(void) { return 0; }
Performing C SOURCE FILE Test check_nodefaultlibs succeeded with the following output:
Change Dir: /home/josh/smart-portal/module1/files/ble_mesh_cli/build/CMakeFiles/CMakeTmp

Run Build Command:"/usr/bin/ninja" "cmTC_06a26"
[1/2] Building C object CMakeFiles/cmTC_06a26.dir/src.c.obj
[2/2] Linking C executable cmTC_06a26
/opt/zephyr-sdk/sysroots/x86_64-pokysdk-linux/usr/libexec/arm-zephyr-eabi/gcc/arm-zephyr-eabi/6.2.0/real-ld: warning: cannot find entry symbol _start; defaulting to 0000000000008024

Source file was:
int main(void) { return 0; }
Performing C SOURCE FILE Test check_nostdlib succeeded with the following output:
Change Dir: /home/josh/smart-portal/module1/files/ble_mesh_cli/build/CMakeFiles/CMakeTmp

Run Build Command:"/usr/bin/ninja" "cmTC_eb357"
[1/2] Building C object CMakeFiles/cmTC_eb357.dir/src.c.obj
[2/2] Linking C executable cmTC_eb357
/opt/zephyr-sdk/sysroots/x86_64-pokysdk-linux/usr/libexec/arm-zephyr-eabi/gcc/arm-zephyr-eabi/6.2.0/real-ld: warning: cannot find entry symbol _start; defaulting to 0000000000008024

Source file was:
int main(void) { return 0; }
Performing C SOURCE FILE Test check_static succeeded with the following output:
Change Dir: /home/josh/smart-portal/module1/files/ble_mesh_cli/build/CMakeFiles/CMakeTmp

Run Build Command:"/usr/bin/ninja" "cmTC_e611f"
[1/2] Building C object CMakeFiles/cmTC_e611f.dir/src.c.obj
[2/2] Linking C executable cmTC_e611f
/opt/zephyr-sdk/sysroots/x86_64-pokysdk-linux/usr/libexec/arm-zephyr-eabi/gcc/arm-zephyr-eabi/6.2.0/real-ld: warning: cannot find entry symbol _start; defaulting to 0000000000008024

Source file was:
int main(void) { return 0; }
Performing C SOURCE FILE Test check_no_pie succeeded with the following output:
Change Dir: /home/josh/smart-portal/module1/files/ble_mesh_cli/build/CMakeFiles/CMakeTmp

Run Build Command:"/usr/bin/ninja" "cmTC_73b63"
[1/2] Building C object CMakeFiles/cmTC_73b63.dir/src.c.obj
[2/2] Linking C executable cmTC_73b63
/opt/zephyr-sdk/sysroots/x86_64-pokysdk-linux/usr/libexec/arm-zephyr-eabi/gcc/arm-zephyr-eabi/6.2.0/real-ld: warning: cannot find entry symbol _start; defaulting to 0000000000008024

Source file was:
int main(void) { return 0; }
Performing C SOURCE FILE Test check_fno_asynchronous_unwind_tables_C succeeded with the following output:
Change Dir: /home/josh/smart-portal/module1/files/ble_mesh_cli/build/CMakeFiles/CMakeTmp

Run Build Command:"/usr/bin/ninja" "cmTC_9f41d"
[1/2] Building C object CMakeFiles/cmTC_9f41d.dir/src.c.obj
[2/2] Linking C executable cmTC_9f41d
/opt/zephyr-sdk/sysroots/x86_64-pokysdk-linux/usr/libexec/arm-zephyr-eabi/gcc/arm-zephyr-eabi/6.2.0/real-ld: warning: cannot find entry symbol _start; defaulting to 0000000000008024

Source file was:
int main(void) { return 0; }
Performing C SOURCE FILE Test check_fno_pie_C succeeded with the following output:
Change Dir: /home/josh/smart-portal/module1/files/ble_mesh_cli/build/CMakeFiles/CMakeTmp

Run Build Command:"/usr/bin/ninja" "cmTC_2f52e"
[1/2] Building C object CMakeFiles/cmTC_2f52e.dir/src.c.obj
[2/2] Linking C executable cmTC_2f52e
/opt/zephyr-sdk/sysroots/x86_64-pokysdk-linux/usr/libexec/arm-zephyr-eabi/gcc/arm-zephyr-eabi/6.2.0/real-ld: warning: cannot find entry symbol _start; defaulting to 0000000000008024

Source file was:
int main(void) { return 0; }
Performing C SOURCE FILE Test check_fno_pic_C succeeded with the following output:
Change Dir: /home/josh/smart-portal/module1/files/ble_mesh_cli/build/CMakeFiles/CMakeTmp

Run Build Command:"/usr/bin/ninja" "cmTC_ad97a"
[1/2] Building C object CMakeFiles/cmTC_ad97a.dir/src.c.obj
[2/2] Linking C executable cmTC_ad97a
/opt/zephyr-sdk/sysroots/x86_64-pokysdk-linux/usr/libexec/arm-zephyr-eabi/gcc/arm-zephyr-eabi/6.2.0/real-ld: warning: cannot find entry symbol _start; defaulting to 0000000000008024

Source file was:
int main(void) { return 0; }
Performing C SOURCE FILE Test check_fno_strict_overflow_C succeeded with the following output:
Change Dir: /home/josh/smart-portal/module1/files/ble_mesh_cli/build/CMakeFiles/CMakeTmp

Run Build Command:"/usr/bin/ninja" "cmTC_f086b"
[1/2] Building C object CMakeFiles/cmTC_f086b.dir/src.c.obj
[2/2] Linking C executable cmTC_f086b
/opt/zephyr-sdk/sysroots/x86_64-pokysdk-linux/usr/libexec/arm-zephyr-eabi/gcc/arm-zephyr-eabi/6.2.0/real-ld: warning: cannot find entry symbol _start; defaulting to 0000000000008024

Source file was:
int main(void) { return 0; }
Performing C SOURCE FILE Test check_Wno_pointer_sign_C succeeded with the following output:
Change Dir: /home/josh/smart-portal/module1/files/ble_mesh_cli/build/CMakeFiles/CMakeTmp

Run Build Command:"/usr/bin/ninja" "cmTC_2c4fb"
[1/2] Building C object CMakeFiles/cmTC_2c4fb.dir/src.c.obj
[2/2] Linking C executable cmTC_2c4fb
/opt/zephyr-sdk/sysroots/x86_64-pokysdk-linux/usr/libexec/arm-zephyr-eabi/gcc/arm-zephyr-eabi/6.2.0/real-ld: warning: cannot find entry symbol _start; defaulting to 0000000000008024

Source file was:
int main(void) { return 0; }
Performing C SOURCE FILE Test check_Wno_unused_but_set_variable_C succeeded with the following output:
Change Dir: /home/josh/smart-portal/module1/files/ble_mesh_cli/build/CMakeFiles/CMakeTmp

Run Build Command:"/usr/bin/ninja" "cmTC_a913e"
[1/2] Building C object CMakeFiles/cmTC_a913e.dir/src.c.obj
[2/2] Linking C executable cmTC_a913e
/opt/zephyr-sdk/sysroots/x86_64-pokysdk-linux/usr/libexec/arm-zephyr-eabi/gcc/arm-zephyr-eabi/6.2.0/real-ld: warning: cannot find entry symbol _start; defaulting to 0000000000008024

Source file was:
int main(void) { return 0; }
Performing C SOURCE FILE Test check_fno_reorder_functions_C succeeded with the following output:
Change Dir: /home/josh/smart-portal/module1/files/ble_mesh_cli/build/CMakeFiles/CMakeTmp

Run Build Command:"/usr/bin/ninja" "cmTC_52630"
[1/2] Building C object CMakeFiles/cmTC_52630.dir/src.c.obj
[2/2] Linking C executable cmTC_52630
/opt/zephyr-sdk/sysroots/x86_64-pokysdk-linux/usr/libexec/arm-zephyr-eabi/gcc/arm-zephyr-eabi/6.2.0/real-ld: warning: cannot find entry symbol _start; defaulting to 0000000000008024

Source file was:
int main(void) { return 0; }
Performing C SOURCE FILE Test check_fno_defer_pop_C succeeded with the following output:
Change Dir: /home/josh/smart-portal/module1/files/ble_mesh_cli/build/CMakeFiles/CMakeTmp

Run Build Command:"/usr/bin/ninja" "cmTC_09d5f"
[1/2] Building C object CMakeFiles/cmTC_09d5f.dir/src.c.obj
[2/2] Linking C executable cmTC_09d5f
/opt/zephyr-sdk/sysroots/x86_64-pokysdk-linux/usr/libexec/arm-zephyr-eabi/gcc/arm-zephyr-eabi/6.2.0/real-ld: warning: cannot find entry symbol _start; defaulting to 0000000000008024

Source file was:
int main(void) { return 0; }
Performing C SOURCE FILE Test check_Werror_implicit_int_C succeeded with the following output:
Change Dir: /home/josh/smart-portal/module1/files/ble_mesh_cli/build/CMakeFiles/CMakeTmp

Run Build Command:"/usr/bin/ninja" "cmTC_a2cfd"
[1/2] Building C object CMakeFiles/cmTC_a2cfd.dir/src.c.obj
[2/2] Linking C executable cmTC_a2cfd
/opt/zephyr-sdk/sysroots/x86_64-pokysdk-linux/usr/libexec/arm-zephyr-eabi/gcc/arm-zephyr-eabi/6.2.0/real-ld: warning: cannot find entry symbol _start; defaulting to 0000000000008024

Source file was:
int main(void) { return 0; }
Performing C SOURCE FILE Test check_Wl__X succeeded with the following output:
Change Dir: /home/josh/smart-portal/module1/files/ble_mesh_cli/build/CMakeFiles/CMakeTmp

Run Build Command:"/usr/bin/ninja" "cmTC_20c12"
[1/2] Building C object CMakeFiles/cmTC_20c12.dir/src.c.obj
[2/2] Linking C executable cmTC_20c12
/opt/zephyr-sdk/sysroots/x86_64-pokysdk-linux/usr/libexec/arm-zephyr-eabi/gcc/arm-zephyr-eabi/6.2.0/real-ld: warning: cannot find entry symbol _start; defaulting to 0000000000008024

Source file was:
int main(void) { return 0; }
Performing C SOURCE FILE Test check_Wl__N succeeded with the following output:
Change Dir: /home/josh/smart-portal/module1/files/ble_mesh_cli/build/CMakeFiles/CMakeTmp

Run Build Command:"/usr/bin/ninja" "cmTC_95e02"
[1/2] Building C object CMakeFiles/cmTC_95e02.dir/src.c.obj
[2/2] Linking C executable cmTC_95e02
/opt/zephyr-sdk/sysroots/x86_64-pokysdk-linux/usr/libexec/arm-zephyr-eabi/gcc/arm-zephyr-eabi/6.2.0/real-ld: warning: cannot find entry symbol _start; defaulting to 0000000000008024

Source file was:
int main(void) { return 0; }
Performing C SOURCE FILE Test check_Wl___gc_sections succeeded with the following output:
Change Dir: /home/josh/smart-portal/module1/files/ble_mesh_cli/build/CMakeFiles/CMakeTmp

Run Build Command:"/usr/bin/ninja" "cmTC_0f968"
[1/2] Building C object CMakeFiles/cmTC_0f968.dir/src.c.obj
[2/2] Linking C executable cmTC_0f968
/opt/zephyr-sdk/sysroots/x86_64-pokysdk-linux/usr/libexec/arm-zephyr-eabi/gcc/arm-zephyr-eabi/6.2.0/real-ld: warning: cannot find entry symbol _start; defaulting to 0000000000008024

Source file was:
int main(void) { return 0; }
Performing C SOURCE FILE Test check_Wl___build_id_none succeeded with the following output:
Change Dir: /home/josh/smart-portal/module1/files/ble_mesh_cli/build/CMakeFiles/CMakeTmp

Run Build Command:"/usr/bin/ninja" "cmTC_a28f5"
[1/2] Building C object CMakeFiles/cmTC_a28f5.dir/src.c.obj
[2/2] Linking C executable cmTC_a28f5
/opt/zephyr-sdk/sysroots/x86_64-pokysdk-linux/usr/libexec/arm-zephyr-eabi/gcc/arm-zephyr-eabi/6.2.0/real-ld: warning: cannot find entry symbol _start; defaulting to 0000000000008000

Source file was:
int main(void) { return 0; }
Performing C SOURCE FILE Test check_ffunction_sections_C succeeded with the following output:
Change Dir: /home/josh/smart-portal/module1/files/ble_mesh_cli/build/CMakeFiles/CMakeTmp

Run Build Command:"/usr/bin/ninja" "cmTC_58678"
[1/2] Building C object CMakeFiles/cmTC_58678.dir/src.c.obj
[2/2] Linking C executable cmTC_58678
/opt/zephyr-sdk/sysroots/x86_64-pokysdk-linux/usr/libexec/arm-zephyr-eabi/gcc/arm-zephyr-eabi/6.2.0/real-ld: warning: cannot find entry symbol _start; defaulting to 0000000000008024

Source file was:
int main(void) { return 0; }
Performing C SOURCE FILE Test check_fdata_sections_C succeeded with the following output:
Change Dir: /home/josh/smart-portal/module1/files/ble_mesh_cli/build/CMakeFiles/CMakeTmp

Run Build Command:"/usr/bin/ninja" "cmTC_e2e32"
[1/2] Building C object CMakeFiles/cmTC_e2e32.dir/src.c.obj
[2/2] Linking C executable cmTC_e2e32
/opt/zephyr-sdk/sysroots/x86_64-pokysdk-linux/usr/libexec/arm-zephyr-eabi/gcc/arm-zephyr-eabi/6.2.0/real-ld: warning: cannot find entry symbol _start; defaulting to 0000000000008024

Source file was:
int main(void) { return 0; }
Performing C SOURCE FILE Test check_Wl___print_memory_usage succeeded with the following output:
Change Dir: /home/josh/smart-portal/module1/files/ble_mesh_cli/build/CMakeFiles/CMakeTmp

Run Build Command:"/usr/bin/ninja" "cmTC_ce3a8"
[1/2] Building C object CMakeFiles/cmTC_ce3a8.dir/src.c.obj
[2/2] Linking C executable cmTC_ce3a8
Memory region         Used Size  Region Size  %age Used/opt/zephyr-sdk/sysroots/x86_64-pokysdk-linux/usr/libexec/arm-zephyr-eabi/gcc/arm-zephyr-eabi/6.2.0/real-ld: warning: cannot find entry symbol _start; defaulting to 0000000000008024


Source file was:
int main(void) { return 0; }
